<?xml version="1.0" encoding="UTF-8"?>
<!-- Generated by org.testng.reporters.JUnitReportReporter -->
<testsuite hostname="LTIN509704" failures="0" tests="6" name="Test.Testng" time="55.640" errors="0" timestamp="2024-11-07T14:12:55 IST" skipped="0">
  <testcase classname="Test.Testng" name="HomePagesearch" time="12.744"/>
  <system-out/>
  <testcase classname="Test.Testng" name="searchResults" time="0.402"/>
  <system-out/>
  <testcase classname="Test.Testng" name="deSelect" time="8.240"/>
  <system-out/>
  <testcase classname="Test.Testng" name="languagesandLevels" time="18.042"/>
  <system-out/>
  <testcase classname="Test.Testng" name="Navigate" time="8.394"/>
  <system-out/>
  <testcase classname="Test.Testng" name="form" time="7.818"/>
  <system-out/>
</testsuite> <!-- Test.Testng -->
