<?xml version="1.0" encoding="UTF-8"?>
<!-- Generated by org.testng.reporters.JUnitReportReporter -->
<testsuite hostname="LTIN280922" failures="0" tests="6" name="IdentifyCourses.Testng" time="89.958" errors="0" timestamp="2024-05-02T22:33:02 IST" skipped="0">
  <testcase classname="IdentifyCourses.Testng" name="HomePagesearch" time="11.846"/>
  <system-out/>
  <testcase classname="IdentifyCourses.Testng" name="searchResults" time="8.565"/>
  <system-out/>
  <testcase classname="IdentifyCourses.Testng" name="deSelect" time="0.858"/>
  <system-out/>
  <testcase classname="IdentifyCourses.Testng" name="languagesandLevels" time="41.080"/>
  <system-out/>
  <testcase classname="IdentifyCourses.Testng" name="Navigate" time="14.068"/>
  <system-out/>
  <testcase classname="IdentifyCourses.Testng" name="form" time="13.541"/>
  <system-out/>
</testsuite> <!-- IdentifyCourses.Testng -->
